#
# A fatal error has been detected by the Java Runtime Environment:
#
#  EXCEPTION_ACCESS_VIOLATION (0xc0000005) at pc=0x5e673d13, pid=11792, tid=0x0000347c
#
# JRE version: Java(TM) SE Runtime Environment (8.0_261-b12) (build 1.8.0_261-b12)
# Java VM: Java HotSpot(TM) Client VM (25.261-b12 mixed mode windows-x86 )
# Problematic frame:
# C  [msctfuimanager.dll+0x13d13]
#
# Failed to write core dump. Minidumps are not enabled by default on client versions of Windows
#
# If you would like to submit a bug report, please visit:
#   http://bugreport.java.com/bugreport/crash.jsp
# The crash happened outside the Java Virtual Machine in native code.
# See problematic frame for where to report the bug.
#

---------------  T H R E A D  ---------------

Current thread (0x15d10800):  JavaThread "AWT-Windows" daemon [_thread_in_native, id=13436, stack(0x15e10000,0x15e60000)]

siginfo: ExceptionCode=0xc0000005, reading address 0x0000000c

Registers:
EAX=0x00000000, EBX=0x1c488578, ECX=0x18f2f410, EDX=0x15e5e960
ESP=0x15e5e938, EBP=0x15e5e96c, ESI=0x00000000, EDI=0x1c488578
EIP=0x5e673d13, EFLAGS=0x00010246

Top of Stack: (sp=0x15e5e938)
0x15e5e938:   18f2f410 15e5e960 1c488578 00000000
0x15e5e948:   18f2f410 5e67d654 1c477dc8 1c488578
0x15e5e958:   5e67d5e0 00000e65 00000000 5e67d780
0x15e5e968:   15e5eae8 15e5eae8 5e6734fc 18f2f410
0x15e5e978:   5e66e100 5e661254 01374550 00000000
0x15e5e988:   00000000 5e668a18 15e5e988 00000004
0x15e5e998:   00000000 15e5ebe0 01374574 1c48867c
0x15e5e9a8:   18f2f410 15e5ec34 15e5ec24 00000e65 

Instructions: (pc=0x5e673d13)
0x5e673cf3:   4d 04 56 68 28 54 66 5e e8 9b 88 ff ff e9 cf 00
0x5e673d03:   00 00 8b 4d 08 8d 55 f4 83 65 f4 00 52 51 8b 01
0x5e673d13:   8b 70 0c 8b ce ff 15 e8 58 6a 5e ff d6 8b f0 85
0x5e673d23:   f6 79 07 ba ae 09 00 00 eb c5 8d bb fc 00 00 00 


Register to memory mapping:

EAX=0x00000000 is an unknown value
EBX=0x1c488578 is an unknown value
ECX=0x18f2f410 is an unknown value
EDX=0x15e5e960 is pointing into the stack for thread: 0x15d10800
ESP=0x15e5e938 is pointing into the stack for thread: 0x15d10800
EBP=0x15e5e96c is pointing into the stack for thread: 0x15d10800
ESI=0x00000000 is an unknown value
EDI=0x1c488578 is an unknown value


Stack: [0x15e10000,0x15e60000],  sp=0x15e5e938,  free space=314k
Native frames: (J=compiled Java code, j=interpreted, Vv=VM code, C=native code)
C  [msctfuimanager.dll+0x13d13]
C  [msctfuimanager.dll+0x134fc]
C  [msctfuimanager.dll+0x14129]
C  [msctfuimanager.dll+0xe134]
C  [MSCTF.dll+0xae944]
C  [MSCTF.dll+0xa9c2a]
C  [MSCTF.dll+0xacf7b]
C  [MSCTF.dll+0x9819f]
C  [MSCTF.dll+0x401d4]
C  [MSCTF.dll+0x988e1]
C  [MSCTF.dll+0xad776]
C  [MSCTF.dll+0xa9b22]
C  [MSCTF.dll+0x29ba1]
C  [MSCTF.dll+0x297df]
C  [MSCTF.dll+0x500bb]
C  [MSCTF.dll+0x2c498]
C  [MSCTF.dll+0x2c205]
C  [MSCTF.dll+0x2c191]
C  [MSCTF.dll+0x2be81]
C  [MSCTF.dll+0x29f5d]
C  [MSCTF.dll+0xb0727]
C  [MSCTF.dll+0xacebf]
C  [MSCTF.dll+0x9819f]
C  [MSCTF.dll+0x401fd]
C  [MSCTF.dll+0x6372a]
C  [USER32.dll+0x4451b]
C  [USER32.dll+0x2504c]
C  [USER32.dll+0x2419e]
C  [USER32.dll+0x23f80]
C  [awt.dll+0xa9632]

Java frames: (J=compiled Java code, j=interpreted, Vv=VM code)
j  sun.awt.windows.WToolkit.eventLoop()V+0
j  sun.awt.windows.WToolkit.run()V+58
j  java.lang.Thread.run()V+11
v  ~StubRoutines::call_stub

---------------  P R O C E S S  ---------------

Java Threads: ( => current thread )
  0x18a29c00 JavaThread "Image Fetcher 0" daemon [_thread_blocked, id=8072, stack(0x16260000,0x162b0000)]
  0x18a2a000 JavaThread "TimerQueue" daemon [_thread_blocked, id=18376, stack(0x1c950000,0x1c9a0000)]
  0x15d2fc00 JavaThread "Swing-Shell" daemon [_thread_blocked, id=17308, stack(0x19870000,0x198c0000)]
  0x013ad800 JavaThread "DestroyJavaVM" [_thread_blocked, id=10272, stack(0x02c20000,0x02c70000)]
  0x16942c00 JavaThread "AWT-EventQueue-0" [_thread_blocked, id=12940, stack(0x15ec0000,0x15f10000)]
=>0x15d10800 JavaThread "AWT-Windows" daemon [_thread_in_native, id=13436, stack(0x15e10000,0x15e60000)]
  0x15d0d000 JavaThread "AWT-Shutdown" [_thread_blocked, id=1708, stack(0x15d80000,0x15dd0000)]
  0x15d09c00 JavaThread "Java2D Disposer" daemon [_thread_blocked, id=9608, stack(0x15ac0000,0x15b10000)]
  0x1555c000 JavaThread "Service Thread" daemon [_thread_blocked, id=12744, stack(0x157f0000,0x15840000)]
  0x15506800 JavaThread "C1 CompilerThread0" daemon [_thread_blocked, id=13576, stack(0x15760000,0x157b0000)]
  0x15505000 JavaThread "Attach Listener" daemon [_thread_blocked, id=15448, stack(0x156d0000,0x15720000)]
  0x15503800 JavaThread "Signal Dispatcher" daemon [_thread_blocked, id=7552, stack(0x15640000,0x15690000)]
  0x0147a800 JavaThread "Finalizer" daemon [_thread_blocked, id=6500, stack(0x15420000,0x15470000)]
  0x01464c00 JavaThread "Reference Handler" daemon [_thread_blocked, id=4020, stack(0x15390000,0x153e0000)]

Other Threads:
  0x0145d800 VMThread [stack: 0x15300000,0x15350000] [id=16628]
  0x15566c00 WatcherThread [stack: 0x15880000,0x158d0000] [id=9636]

VM state:not at safepoint (normal execution)

VM Mutex/Monitor currently owned by a thread: None

Heap:
 def new generation   total 78656K, used 59847K [0x04e00000, 0x0a350000, 0x0a350000)
  eden space 69952K,  73% used [0x04e00000, 0x07ff1dd8, 0x09250000)
  from space 8704K, 100% used [0x09ad0000, 0x0a350000, 0x0a350000)
  to   space 8704K,   0% used [0x09250000, 0x09250000, 0x09ad0000)
 tenured generation   total 174784K, used 116661K [0x0a350000, 0x14e00000, 0x14e00000)
   the space 174784K,  66% used [0x0a350000, 0x1153d620, 0x1153d800, 0x14e00000)
 Metaspace       used 26780K, capacity 27859K, committed 27904K, reserved 28032K

Card table byte_map: [0x04d60000,0x04df0000] byte_map_base: 0x04d39000

Polling page: 0x02c70000

CodeCache: size=32768Kb used=6939Kb max_used=6939Kb free=25828Kb
 bounds [0x02ce0000, 0x033a8000, 0x04ce0000]
 total_blobs=3693 nmethods=3396 adapters=226
 compilation: enabled

Compilation events (10 events):
Event: 16.698 Thread 0x15506800 3422             com.st.microxplorer.mcufinder.db.GFXPN::getName (5 bytes)
Event: 16.698 Thread 0x15506800 nmethod 3422 0x033a3108 code [0x033a3200, 0x033a3280]
Event: 16.699 Thread 0x15506800 3423 % !         com.st.microxplorer.mcufinder.db.DbMcus::getDbManager @ 611 (684 bytes)
Event: 16.700 Thread 0x15506800 nmethod 3423% 0x033a32c8 code [0x033a36c0, 0x033a49a4]
Event: 16.812 Thread 0x15506800 3424             sun.util.locale.LocaleUtils::isUpper (18 bytes)
Event: 16.812 Thread 0x15506800 nmethod 3424 0x033a6088 code [0x033a6180, 0x033a6210]
Event: 18.089 Thread 0x15506800 3425             java.util.Arrays::mergeSort (235 bytes)
Event: 18.090 Thread 0x15506800 nmethod 3425 0x033a6248 code [0x033a63f0, 0x033a6bc8]
Event: 18.091 Thread 0x15506800 3426             javax.swing.LayoutComparator::compare (13 bytes)
Event: 18.091 Thread 0x15506800 nmethod 3426 0x033a7588 code [0x033a7690, 0x033a776c]

GC Heap History (10 events):
Event: 15.226 GC heap before
{Heap before GC invocations=113 (full 7):
 def new generation   total 57024K, used 35742K [0x04e00000, 0x08be0000, 0x0a350000)
  eden space 50688K,  70% used [0x04e00000, 0x070e2e60, 0x07f80000)
  from space 6336K,   0% used [0x07f80000, 0x07f849c8, 0x085b0000)
  to   space 6336K,   0% used [0x085b0000, 0x085b0000, 0x08be0000)
 tenured generation   total 126592K, used 125117K [0x0a350000, 0x11ef0000, 0x14e00000)
   the space 126592K,  98% used [0x0a350000, 0x11d7f660, 0x11d7f800, 0x11ef0000)
 Metaspace       used 26417K, capacity 27490K, committed 27520K, reserved 28032K
Event: 15.385 GC heap after
Heap after GC invocations=114 (full 8):
 def new generation   total 77120K, used 0K [0x04e00000, 0x0a1a0000, 0x0a350000)
  eden space 68608K,   0% used [0x04e00000, 0x04e00000, 0x09100000)
  from space 8512K,   0% used [0x09100000, 0x09100000, 0x09950000)
  to   space 8512K,   0% used [0x09950000, 0x09950000, 0x0a1a0000)
 tenured generation   total 171212K, used 102727K [0x0a350000, 0x14a83000, 0x14e00000)
   the space 171212K,  59% used [0x0a350000, 0x107a1c20, 0x107a1e00, 0x14a83000)
 Metaspace       used 26417K, capacity 27490K, committed 27520K, reserved 28032K
}
Event: 15.522 GC heap before
{Heap before GC invocations=114 (full 8):
 def new generation   total 77120K, used 68608K [0x04e00000, 0x0a1a0000, 0x0a350000)
  eden space 68608K, 100% used [0x04e00000, 0x09100000, 0x09100000)
  from space 8512K,   0% used [0x09100000, 0x09100010, 0x09950000)
  to   space 8512K,   0% used [0x09950000, 0x09950000, 0x0a1a0000)
 tenured generation   total 171212K, used 102727K [0x0a350000, 0x14a83000, 0x14e00000)
   the space 171212K,  59% used [0x0a350000, 0x107a1c20, 0x107a1e00, 0x14a83000)
 Metaspace       used 26449K, capacity 27522K, committed 27648K, reserved 28032K
Event: 15.565 GC heap after
Heap after GC invocations=115 (full 8):
 def new generation   total 77120K, used 8512K [0x04e00000, 0x0a1a0000, 0x0a350000)
  eden space 68608K,   0% used [0x04e00000, 0x04e00000, 0x09100000)
  from space 8512K, 100% used [0x09950000, 0x0a1a0000, 0x0a1a0000)
  to   space 8512K,   0% used [0x09100000, 0x09100000, 0x09950000)
 tenured generation   total 171212K, used 129688K [0x0a350000, 0x14a83000, 0x14e00000)
   the space 171212K,  75% used [0x0a350000, 0x121f6188, 0x121f6200, 0x14a83000)
 Metaspace       used 26449K, capacity 27522K, committed 27648K, reserved 28032K
}
Event: 15.836 GC heap before
{Heap before GC invocations=115 (full 8):
 def new generation   total 77120K, used 77120K [0x04e00000, 0x0a1a0000, 0x0a350000)
  eden space 68608K, 100% used [0x04e00000, 0x09100000, 0x09100000)
  from space 8512K, 100% used [0x09950000, 0x0a1a0000, 0x0a1a0000)
  to   space 8512K,   0% used [0x09100000, 0x09100000, 0x09950000)
 tenured generation   total 171212K, used 129688K [0x0a350000, 0x14a83000, 0x14e00000)
   the space 171212K,  75% used [0x0a350000, 0x121f6188, 0x121f6200, 0x14a83000)
 Metaspace       used 26517K, capacity 27569K, committed 27648K, reserved 28032K
Event: 15.894 GC heap after
Heap after GC invocations=116 (full 8):
 def new generation   total 77120K, used 8512K [0x04e00000, 0x0a1a0000, 0x0a350000)
  eden space 68608K,   0% used [0x04e00000, 0x04e00000, 0x09100000)
  from space 8512K, 100% used [0x09100000, 0x09950000, 0x09950000)
  to   space 8512K,   0% used [0x09950000, 0x09950000, 0x0a1a0000)
 tenured generation   total 171212K, used 149385K [0x0a350000, 0x14a83000, 0x14e00000)
   the space 171212K,  87% used [0x0a350000, 0x135326a8, 0x13532800, 0x14a83000)
 Metaspace       used 26517K, capacity 27569K, committed 27648K, reserved 28032K
}
Event: 16.129 GC heap before
{Heap before GC invocations=116 (full 8):
 def new generation   total 77120K, used 77120K [0x04e00000, 0x0a1a0000, 0x0a350000)
  eden space 68608K, 100% used [0x04e00000, 0x09100000, 0x09100000)
  from space 8512K, 100% used [0x09100000, 0x09950000, 0x09950000)
  to   space 8512K,   0% used [0x09950000, 0x09950000, 0x0a1a0000)
 tenured generation   total 171212K, used 149385K [0x0a350000, 0x14a83000, 0x14e00000)
   the space 171212K,  87% used [0x0a350000, 0x135326a8, 0x13532800, 0x14a83000)
 Metaspace       used 26608K, capacity 27635K, committed 27776K, reserved 28032K
Event: 16.331 GC heap after
Heap after GC invocations=117 (full 9):
 def new generation   total 78656K, used 0K [0x04e00000, 0x0a350000, 0x0a350000)
  eden space 69952K,   0% used [0x04e00000, 0x04e00000, 0x09250000)
  from space 8704K,   0% used [0x09250000, 0x09250000, 0x09ad0000)
  to   space 8704K,   0% used [0x09ad0000, 0x09ad0000, 0x0a350000)
 tenured generation   total 174784K, used 113308K [0x0a350000, 0x14e00000, 0x14e00000)
   the space 174784K,  64% used [0x0a350000, 0x111f7340, 0x111f7400, 0x14e00000)
 Metaspace       used 26608K, capacity 27635K, committed 27776K, reserved 28032K
}
Event: 16.464 GC heap before
{Heap before GC invocations=117 (full 9):
 def new generation   total 78656K, used 69952K [0x04e00000, 0x0a350000, 0x0a350000)
  eden space 69952K, 100% used [0x04e00000, 0x09250000, 0x09250000)
  from space 8704K,   0% used [0x09250000, 0x09250000, 0x09ad0000)
  to   space 8704K,   0% used [0x09ad0000, 0x09ad0000, 0x0a350000)
 tenured generation   total 174784K, used 113308K [0x0a350000, 0x14e00000, 0x14e00000)
   the space 174784K,  64% used [0x0a350000, 0x111f7340, 0x111f7400, 0x14e00000)
 Metaspace       used 26608K, capacity 27635K, committed 27776K, reserved 28032K
Event: 16.480 GC heap after
Heap after GC invocations=118 (full 9):
 def new generation   total 78656K, used 8704K [0x04e00000, 0x0a350000, 0x0a350000)
  eden space 69952K,   0% used [0x04e00000, 0x04e00000, 0x09250000)
  from space 8704K, 100% used [0x09ad0000, 0x0a350000, 0x0a350000)
  to   space 8704K,   0% used [0x09250000, 0x09250000, 0x09ad0000)
 tenured generation   total 174784K, used 116661K [0x0a350000, 0x14e00000, 0x14e00000)
   the space 174784K,  66% used [0x0a350000, 0x1153d620, 0x1153d800, 0x14e00000)
 Metaspace       used 26608K, capacity 27635K, committed 27776K, reserved 28032K
}

Deoptimization events (0 events):
No events

Classes redefined (0 events):
No events

Internal exceptions (10 events):
Event: 15.898 Thread 0x1555c000 Exception <a 'java/lang/ArrayIndexOutOfBoundsException'> (0x04e0ab38) thrown at [C:\jenkins\workspace\8-2-build-windows-i586-cygwin\jdk8u261\295\hotspot\src\share\vm\runtime\sharedRuntime.cpp, line 605]
Event: 16.108 Thread 0x16942c00 Implicit null exception at 0x0339ab8e to 0x0339ad67
Event: 16.697 Thread 0x18a2bc00 Exception <a 'java/io/IOException'> (0x07d6e070) thrown at [C:\jenkins\workspace\8-2-build-windows-i586-cygwin\jdk8u261\295\hotspot\src\share\vm\prims\jni.cpp, line 710]
Event: 16.697 Thread 0x18a2bc00 Exception <a 'java/io/IOException'> (0x07d6e2d0) thrown at [C:\jenkins\workspace\8-2-build-windows-i586-cygwin\jdk8u261\295\hotspot\src\share\vm\prims\jni.cpp, line 710]
Event: 16.697 Thread 0x18a2bc00 Exception <a 'java/io/IOException'> (0x07d76398) thrown at [C:\jenkins\workspace\8-2-build-windows-i586-cygwin\jdk8u261\295\hotspot\src\share\vm\prims\jni.cpp, line 710]
Event: 16.697 Thread 0x18a2bc00 Exception <a 'java/io/IOException'> (0x07d765f8) thrown at [C:\jenkins\workspace\8-2-build-windows-i586-cygwin\jdk8u261\295\hotspot\src\share\vm\prims\jni.cpp, line 710]
Event: 16.697 Thread 0x18a2bc00 Exception <a 'java/io/IOException'> (0x07d77970) thrown at [C:\jenkins\workspace\8-2-build-windows-i586-cygwin\jdk8u261\295\hotspot\src\share\vm\prims\jni.cpp, line 710]
Event: 16.697 Thread 0x18a2bc00 Exception <a 'java/io/IOException'> (0x07d77bd0) thrown at [C:\jenkins\workspace\8-2-build-windows-i586-cygwin\jdk8u261\295\hotspot\src\share\vm\prims\jni.cpp, line 710]
Event: 16.698 Thread 0x18a2bc00 Exception <a 'java/io/IOException'> (0x07d78e80) thrown at [C:\jenkins\workspace\8-2-build-windows-i586-cygwin\jdk8u261\295\hotspot\src\share\vm\prims\jni.cpp, line 710]
Event: 16.698 Thread 0x18a2bc00 Exception <a 'java/io/IOException'> (0x07d790e0) thrown at [C:\jenkins\workspace\8-2-build-windows-i586-cygwin\jdk8u261\295\hotspot\src\share\vm\prims\jni.cpp, line 710]

Events (10 events):
Event: 18.134 loading class javax/swing/PopupFactory$LightWeightPopup
Event: 18.134 loading class javax/swing/PopupFactory$ContainerPopup
Event: 18.134 loading class javax/swing/Popup
Event: 18.134 loading class javax/swing/Popup done
Event: 18.134 loading class javax/swing/PopupFactory$ContainerPopup done
Event: 18.134 loading class javax/swing/PopupFactory$LightWeightPopup done
Event: 18.134 loading class javax/swing/PopupFactory$HeavyWeightPopup
Event: 18.134 loading class javax/swing/PopupFactory$HeavyWeightPopup done
Event: 18.150 loading class sun/awt/UngrabEvent
Event: 18.150 loading class sun/awt/UngrabEvent done


Dynamic libraries:
0x00ee0000 - 0x00f1f000 	F:\stm32CubeMX\java\bin\javaw.exe
0x777d0000 - 0x7796a000 	C:\WINDOWS\SYSTEM32\ntdll.dll
0x75b40000 - 0x75c20000 	C:\WINDOWS\System32\KERNEL32.DLL
0x75d40000 - 0x75f3f000 	C:\WINDOWS\System32\KERNELBASE.dll
0x75ac0000 - 0x75b39000 	C:\WINDOWS\System32\ADVAPI32.dll
0x77020000 - 0x770df000 	C:\WINDOWS\System32\msvcrt.dll
0x77690000 - 0x77706000 	C:\WINDOWS\System32\sechost.dll
0x76660000 - 0x7671b000 	C:\WINDOWS\System32\RPCRT4.dll
0x74f90000 - 0x74fb5000 	C:\WINDOWS\System32\SspiCli.dll
0x74f80000 - 0x74f8a000 	C:\WINDOWS\System32\CRYPTBASE.dll
0x75040000 - 0x7509f000 	C:\WINDOWS\System32\bcryptPrimitives.dll
0x75120000 - 0x752b7000 	C:\WINDOWS\System32\USER32.dll
0x75d20000 - 0x75d37000 	C:\WINDOWS\System32\win32u.dll
0x77290000 - 0x772b1000 	C:\WINDOWS\System32\GDI32.dll
0x770e0000 - 0x7723c000 	C:\WINDOWS\System32\gdi32full.dll
0x74fc0000 - 0x7503c000 	C:\WINDOWS\System32\msvcp_win.dll
0x760e0000 - 0x76200000 	C:\WINDOWS\System32\ucrtbase.dll
0x6ad80000 - 0x6af8f000 	C:\WINDOWS\WinSxS\x86_microsoft.windows.common-controls_6595b64144ccf1df_6.0.18362.1139_none_e62929aaf8dc83cc\COMCTL32.dll
0x772d0000 - 0x77545000 	C:\WINDOWS\System32\combase.dll
0x752c0000 - 0x752e5000 	C:\WINDOWS\System32\IMM32.DLL
0x79c90000 - 0x79ca3000 	F:\stm32CubeMX\java\bin\vcruntime140.dll
0x79cb0000 - 0x79d1f000 	F:\stm32CubeMX\java\bin\msvcp140.dll
0x79d20000 - 0x7a0fe000 	F:\stm32CubeMX\java\bin\client\jvm.dll
0x75cc0000 - 0x75cc6000 	C:\WINDOWS\System32\PSAPI.DLL
0x71e50000 - 0x71e58000 	C:\WINDOWS\SYSTEM32\WSOCK32.dll
0x73a40000 - 0x73a64000 	C:\WINDOWS\SYSTEM32\WINMM.dll
0x73220000 - 0x73228000 	C:\WINDOWS\SYSTEM32\VERSION.dll
0x750c0000 - 0x7511e000 	C:\WINDOWS\System32\WS2_32.dll
0x73080000 - 0x730a3000 	C:\WINDOWS\SYSTEM32\WINMMBASE.dll
0x767d0000 - 0x7680b000 	C:\WINDOWS\System32\cfgmgr32.dll
0x76200000 - 0x7620f000 	C:\WINDOWS\System32\kernel.appcore.dll
0x60540000 - 0x6054d000 	F:\stm32CubeMX\java\bin\verify.dll
0x7a100000 - 0x7a124000 	F:\stm32CubeMX\java\bin\java.dll
0x7a130000 - 0x7a144000 	F:\stm32CubeMX\java\bin\zip.dll
0x76a20000 - 0x76f9a000 	C:\WINDOWS\System32\SHELL32.dll
0x758c0000 - 0x75944000 	C:\WINDOWS\System32\shcore.dll
0x752f0000 - 0x758b1000 	C:\WINDOWS\System32\windows.storage.dll
0x775a0000 - 0x775bb000 	C:\WINDOWS\System32\profapi.dll
0x77550000 - 0x77593000 	C:\WINDOWS\System32\powrprof.dll
0x775c0000 - 0x775cd000 	C:\WINDOWS\System32\UMPDC.dll
0x77240000 - 0x77284000 	C:\WINDOWS\System32\shlwapi.dll
0x777a0000 - 0x777b3000 	C:\WINDOWS\System32\cryptsp.dll
0x7a150000 - 0x7a29b000 	F:\stm32CubeMX\java\bin\awt.dll
0x76040000 - 0x760d2000 	C:\WINDOWS\System32\OLEAUT32.dll
0x71e90000 - 0x71f2f000 	C:\WINDOWS\SYSTEM32\apphelp.dll
0x73b70000 - 0x73b95000 	C:\WINDOWS\system32\DWMAPI.DLL
0x74140000 - 0x741ba000 	C:\WINDOWS\system32\uxtheme.dll
0x7b620000 - 0x7b71f000 	C:\WINDOWS\system32\opengl32.dll
0x7b720000 - 0x7b75f000 	C:\WINDOWS\SYSTEM32\GLU32.dll
0x6ed80000 - 0x6ed99000 	C:\WINDOWS\SYSTEM32\dxcore.dll
0x76810000 - 0x76913000 	C:\WINDOWS\System32\MSCTF.dll
0x76920000 - 0x76a17000 	C:\WINDOWS\System32\ole32.dll
0x71f30000 - 0x71f5f000 	C:\WINDOWS\system32\rsaenh.dll
0x750a0000 - 0x750b9000 	C:\WINDOWS\System32\bcrypt.dll
0x733a0000 - 0x733be000 	C:\WINDOWS\SYSTEM32\USERENV.dll
0x7a2a0000 - 0x7a2b7000 	F:\stm32CubeMX\java\bin\net.dll
0x72a70000 - 0x72ac2000 	C:\WINDOWS\system32\mswsock.dll
0x73a70000 - 0x73aa2000 	C:\WINDOWS\SYSTEM32\IPHLPAPI.DLL
0x75c20000 - 0x75c27000 	C:\WINDOWS\System32\NSI.dll
0x71d60000 - 0x71d73000 	C:\WINDOWS\SYSTEM32\dhcpcsvc6.DLL
0x72d40000 - 0x72d55000 	C:\WINDOWS\SYSTEM32\dhcpcsvc.DLL
0x73ab0000 - 0x73b44000 	C:\WINDOWS\SYSTEM32\DNSAPI.dll
0x603b0000 - 0x603bf000 	F:\stm32CubeMX\java\bin\nio.dll
0x7a2c0000 - 0x7a2fd000 	F:\stm32CubeMX\java\bin\fontmanager.dll
0x7a300000 - 0x7a337000 	F:\stm32CubeMX\java\bin\t2k.dll
0x72070000 - 0x72078000 	C:\Windows\System32\rasadhlp.dll
0x5ca90000 - 0x5ca9c000 	F:\stm32CubeMX\java\bin\management.dll
0x72130000 - 0x72141000 	C:\WINDOWS\system32\napinsp.dll
0x72110000 - 0x72126000 	C:\WINDOWS\system32\pnrpnsp.dll
0x72100000 - 0x7210b000 	C:\WINDOWS\System32\winrnr.dll
0x720e0000 - 0x720f6000 	C:\WINDOWS\system32\NLAapi.dll
0x720d0000 - 0x720e0000 	C:\WINDOWS\system32\wshbth.dll
0x72010000 - 0x72061000 	C:\WINDOWS\System32\fwpuclnt.dll
0x74780000 - 0x7480d000 	C:\WINDOWS\WinSxS\x86_microsoft.windows.common-controls_6595b64144ccf1df_5.82.18362.1139_none_bb61368dec916285\comctl32.dll
0x77710000 - 0x77790000 	C:\WINDOWS\System32\clbcatq.dll
0x72c70000 - 0x72d36000 	C:\WINDOWS\SYSTEM32\PROPSYS.dll
0x7a340000 - 0x7a353000 	C:\WINDOWS\system32\NetworkExplorer.dll
0x7a360000 - 0x7ad76000 	F:\WPS\WPS Office\11.1.0.10072\office6\qingnse.dll
0x73230000 - 0x73399000 	C:\WINDOWS\WinSxS\x86_microsoft.windows.gdiplus_6595b64144ccf1df_1.1.18362.1139_none_17141c90536efd9a\gdiplus.dll
0x67d40000 - 0x67ea9000 	C:\WINDOWS\SYSTEM32\WindowsCodecs.dll
0x58280000 - 0x582ca000 	C:\Windows\System32\thumbcache.dll
0x730b0000 - 0x730c8000 	C:\WINDOWS\SYSTEM32\MPR.dll
0x53690000 - 0x53699000 	C:\WINDOWS\System32\drprov.dll
0x71ce0000 - 0x71d24000 	C:\WINDOWS\System32\WINSTA.dll
0x7ad80000 - 0x7ad92000 	C:\WINDOWS\System32\ntlanman.dll
0x7ada0000 - 0x7adb9000 	C:\WINDOWS\System32\davclnt.dll
0x52c90000 - 0x52c9a000 	C:\WINDOWS\System32\DAVHLPR.dll
0x72180000 - 0x72190000 	C:\WINDOWS\System32\wkscli.dll
0x68f70000 - 0x68f7e000 	C:\WINDOWS\SYSTEM32\cscapi.dll
0x721c0000 - 0x721cb000 	C:\WINDOWS\System32\netutils.dll
0x7adc0000 - 0x7ae03000 	C:\Windows\System32\dlnashext.dll
0x7ae10000 - 0x7ae59000 	C:\Windows\System32\PlayToDevice.dll
0x7ae60000 - 0x7ae7b000 	C:\Windows\System32\DevDispItemProvider.dll
0x62700000 - 0x62762000 	C:\WINDOWS\System32\MMDevApi.dll
0x72080000 - 0x720a3000 	C:\WINDOWS\System32\DEVOBJ.dll
0x7ae80000 - 0x7af0c000 	C:\WINDOWS\system32\wpdshext.dll
0x7af10000 - 0x7af93000 	C:\Windows\System32\PortableDeviceApi.dll
0x76210000 - 0x76659000 	C:\WINDOWS\System32\SETUPAPI.dll
0x75cd0000 - 0x75d16000 	C:\WINDOWS\System32\WINTRUST.dll
0x772c0000 - 0x772ce000 	C:\WINDOWS\System32\MSASN1.dll
0x75f40000 - 0x7603b000 	C:\WINDOWS\System32\CRYPT32.dll
0x7afa0000 - 0x7afc7000 	C:\Windows\System32\PortableDeviceTypes.dll
0x7afd0000 - 0x7b010000 	C:\WINDOWS\system32\audiodev.dll
0x7b010000 - 0x7b21d000 	C:\WINDOWS\system32\WMVCore.DLL
0x7b220000 - 0x7b25d000 	C:\WINDOWS\system32\WMASF.DLL
0x5fe30000 - 0x5ff36000 	C:\WINDOWS\system32\mfperfhelper.dll
0x60610000 - 0x6061b000 	C:\WINDOWS\SYSTEM32\LINKINFO.dll
0x603c0000 - 0x603f1000 	C:\WINDOWS\system32\dataexchange.dll
0x69220000 - 0x693fe000 	C:\WINDOWS\system32\d3d11.dll
0x5f800000 - 0x5f96a000 	C:\WINDOWS\system32\dcomp.dll
0x69150000 - 0x69211000 	C:\WINDOWS\system32\dxgi.dll
0x68610000 - 0x687f5000 	C:\WINDOWS\system32\twinapi.appcore.dll
0x685f0000 - 0x6860f000 	C:\WINDOWS\system32\RMCLIENT.dll
0x61250000 - 0x612d4000 	C:\WINDOWS\System32\TextInputFramework.dll
0x6ce00000 - 0x6ce89000 	C:\WINDOWS\System32\CoreMessaging.dll
0x6c9c0000 - 0x6cc1e000 	C:\WINDOWS\System32\CoreUIComponents.dll
0x71f60000 - 0x71f89000 	C:\WINDOWS\SYSTEM32\ntmarta.dll
0x6cc20000 - 0x6ccfa000 	C:\WINDOWS\SYSTEM32\wintypes.dll
0x7b260000 - 0x7b286000 	F:\stm32CubeMX\java\bin\dcpr.dll
0x72e50000 - 0x7307a000 	C:\WINDOWS\System32\iertutil.dll
0x7b290000 - 0x7b2b9000 	F:\stm32CubeMX\java\bin\jpeg.dll
0x7b2c0000 - 0x7b2f4000 	F:\stm32CubeMX\java\bin\lcms.dll
0x5e660000 - 0x5e709000 	C:\WINDOWS\system32\msctfuimanager.dll
0x586b0000 - 0x58817000 	C:\WINDOWS\system32\DUI70.dll
0x5eb50000 - 0x5ebc7000 	C:\WINDOWS\system32\DUser.dll
0x64430000 - 0x64624000 	C:\WINDOWS\SYSTEM32\UIAutomationCore.dll
0x72ad0000 - 0x72b58000 	C:\WINDOWS\SYSTEM32\sxs.dll
0x5ea30000 - 0x5ea6c000 	C:\WINDOWS\System32\UIAnimation.dll

VM Arguments:
java_command: com.st.microxplorer.maingui.STM32CubeMX E:\电控\官方资料\3508底盘电机\RoboMAster C620电调Demo程序V1.0\C620电调Demo程序\demo.ioc
java_class_path (initial): F:\stm32CubeMX\CubeMX\STM32CubeMX.exe;anything
Launcher Type: SUN_STANDARD

Environment Variables:
PATH=F:\stm32CubeMX\CubeMX\;C:\Program Files (x86)\Common Files\Oracle\Java\javapath;C:\Program Files (x86)\NVIDIA Corporation\PhysX\Common;C:\windows\system32;C:\windows;C:\windows\System32\Wbem;C:\windows\System32\WindowsPowerShell\v1.0\;C:\windows\System32\OpenSSH\;C:\Program Files\Intel\WiFi\bin\;C:\Program Files\Common Files\Intel\WirelessCommon\;C:\WINDOWS\system32;C:\WINDOWS;C:\WINDOWS\System32\Wbem;C:\WINDOWS\System32\WindowsPowerShell\v1.0\;C:\WINDOWS\System32\OpenSSH\;C:\Program Files\dotnet\;C:\Program Files\Microsoft SQL Server\Client SDK\ODBC\110\Tools\Binn\;C:\Program Files (x86)\Microsoft SQL Server\120\Tools\Binn\;C:\Program Files\Microsoft SQL Server\120\Tools\Binn\;C:\Program Files\Microsoft SQL Server\120\DTS\Binn\;C:\Program Files (x86)\Windows Kits\8.1\Windows Performance Toolkit\;C:\Program Files\NVIDIA Corporation\NVIDIA NvDLISR;C:\Program Files (x86)\STMicroelectronics\STM32 ST-LINK Utility\ST-LINK Utility;C:\Users\hp-pc\AppData\Local\Microsoft\WindowsApps;F:\stm32CubeMX\java\bin
USERNAME=hp-pc
OS=Windows_NT
PROCESSOR_IDENTIFIER=Intel64 Family 6 Model 142 Stepping 11, GenuineIntel



---------------  S Y S T E M  ---------------

OS: Windows 10.0 , 64 bit Build 18362 (10.0.18362.1110)

CPU:total 8 (initial active 8) (4 cores per cpu, 2 threads per core) family 6 model 142 stepping 11, cmov, cx8, fxsr, mmx, sse, sse2, sse3, ssse3, sse4.1, sse4.2, popcnt, avx, avx2, aes, clmul, erms, 3dnowpref, lzcnt, ht, tsc, tscinvbit, bmi1, bmi2, adx

Memory: 4k page, physical 16661816k(11226492k free), swap 24526136k(15671852k free)

vm_info: Java HotSpot(TM) Client VM (25.261-b12) for windows-x86 JRE (1.8.0_261-b12), built on Jun 18 2020 06:57:43 by "" with unknown MS VC++:1916

time: Fri Oct 16 20:25:52 2020
timezone: ?D1ú±ê×?ê±??
elapsed time: 18 seconds (0d 0h 0m 18s)

